<?xml version="1.0" encoding="UTF-8"?>
<Site BuildName="Win32-mingw32-make"
	BuildStamp="20240305-1335-Experimental"
	Name="DESKTOP-JFL1N8R"
	Generator="ctest-3.23.22060601-MSVC_2"
	CompilerName="C:/msys64/ucrt64/bin/g++.exe"
	CompilerVersion="13.1.0"
	OSName="Windows"
	Hostname="DESKTOP-JFL1N8R"
	OSRelease=" Professional"
	OSVersion=" (Build 22631)"
	OSPlatform="AMD64"
	Is64Bits="1"
	VendorString="AuthenticAMD"
	VendorID="Advanced Micro Devices"
	FamilyID="15"
	ModelID="1"
	ProcessorCacheSize="64"
	NumberOfLogicalCPU="16"
	NumberOfPhysicalCPU="8"
	TotalVirtualMemory="34737"
	TotalPhysicalMemory="32689"
	LogicalProcessorsPerPhysical="2"
	ProcessorClockFrequency="3600"
	>
	<Testing>
		<StartDateTime>Mar 05 14:46 Mitteleurop[NON-UTF-8-BYTE-0xE4]ische Zeit</StartDateTime>
		<StartTestTime>1709646364</StartTestTime>
		<TestList/>
		<EndDateTime>Mar 05 14:46 Mitteleurop[NON-UTF-8-BYTE-0xE4]ische Zeit</EndDateTime>
		<EndTestTime>1709646364</EndTestTime>
		<ElapsedMinutes>0</ElapsedMinutes>
	</Testing>
</Site>
